2023-06-13T22:27:36.007+07:00  INFO 9316 --- [main] c.e.ecommerce.ECommerceApplication       : Starting ECommerceApplication v0.0.1-SNAPSHOT using Java 17.0.6 with PID 9316 (D:\project_java\project\springboot\ecommerce\target\ecommerce-0.0.1-SNAPSHOT.war started by duy09 in D:\project_java\project\springboot\ecommerce\target)
2023-06-13T22:27:36.012+07:00  INFO 9316 --- [main] c.e.ecommerce.ECommerceApplication       : No active profile set, falling back to 1 default profile: "default"
2023-06-13T22:27:37.504+07:00  INFO 9316 --- [main] .s.d.r.c.RepositoryConfigurationDelegate : Bootstrapping Spring Data JPA repositories in DEFAULT mode.
2023-06-13T22:27:37.669+07:00  INFO 9316 --- [main] .s.d.r.c.RepositoryConfigurationDelegate : Finished Spring Data repository scanning in 148 ms. Found 10 JPA repository interfaces.
2023-06-13T22:27:39.410+07:00  INFO 9316 --- [main] o.s.b.w.embedded.tomcat.TomcatWebServer  : Tomcat initialized with port(s): 8080 (http)
2023-06-13T22:27:39.441+07:00  INFO 9316 --- [main] o.apache.catalina.core.StandardService   : Starting service [Tomcat]
2023-06-13T22:27:39.442+07:00  INFO 9316 --- [main] o.apache.catalina.core.StandardEngine    : Starting Servlet engine: [Apache Tomcat/10.1.8]
2023-06-13T22:27:39.810+07:00  INFO 9316 --- [main] o.a.c.c.C.[Tomcat].[localhost].[/]       : Initializing Spring embedded WebApplicationContext
2023-06-13T22:27:39.812+07:00  INFO 9316 --- [main] w.s.c.ServletWebServerApplicationContext : Root WebApplicationContext: initialization completed in 3708 ms
2023-06-13T22:27:40.319+07:00  INFO 9316 --- [main] o.hibernate.jpa.internal.util.LogHelper  : HHH000204: Processing PersistenceUnitInfo [name: default]
2023-06-13T22:27:40.521+07:00  INFO 9316 --- [main] org.hibernate.Version                    : HHH000412: Hibernate ORM core version 6.1.7.Final
2023-06-13T22:27:42.976+07:00  INFO 9316 --- [main] com.zaxxer.hikari.HikariDataSource       : HikariPool-1 - Starting...
2023-06-13T22:27:43.533+07:00  INFO 9316 --- [main] com.zaxxer.hikari.pool.HikariPool        : HikariPool-1 - Added connection com.mysql.cj.jdbc.ConnectionImpl@3d98d138
2023-06-13T22:27:43.537+07:00  INFO 9316 --- [main] com.zaxxer.hikari.HikariDataSource       : HikariPool-1 - Start completed.
2023-06-13T22:27:43.563+07:00  INFO 9316 --- [main] SQL dialect                              : HHH000400: Using dialect: org.hibernate.dialect.MySQL8Dialect
2023-06-13T22:27:43.568+07:00  WARN 9316 --- [main] org.hibernate.orm.deprecation            : HHH90000026: MySQL8Dialect has been deprecated; use org.hibernate.dialect.MySQLDialect instead
2023-06-13T22:27:45.279+07:00  INFO 9316 --- [main] o.h.e.t.j.p.i.JtaPlatformInitiator       : HHH000490: Using JtaPlatform implementation: [org.hibernate.engine.transaction.jta.platform.internal.NoJtaPlatform]
2023-06-13T22:27:45.293+07:00  INFO 9316 --- [main] j.LocalContainerEntityManagerFactoryBean : Initialized JPA EntityManagerFactory for persistence unit 'default'
2023-06-13T22:27:46.930+07:00  WARN 9316 --- [main] JpaBaseConfiguration$JpaWebConfiguration : spring.jpa.open-in-view is enabled by default. Therefore, database queries may be performed during view rendering. Explicitly configure spring.jpa.open-in-view to disable this warning
2023-06-13T22:27:47.374+07:00  INFO 9316 --- [main] o.s.s.web.DefaultSecurityFilterChain     : Will secure any request with [org.springframework.security.web.session.DisableEncodeUrlFilter@1e477944, org.springframework.security.web.context.request.async.WebAsyncManagerIntegrationFilter@6cf047cf, org.springframework.security.web.context.SecurityContextHolderFilter@27dc335a, org.springframework.security.web.header.HeaderWriterFilter@315b5913, org.springframework.security.web.authentication.logout.LogoutFilter@7fac18dc, com.ecommerce.ecommerce.security.JwtTokenFilter@4c24f3a2, org.springframework.security.web.authentication.www.BasicAuthenticationFilter@7740b0ab, org.springframework.security.web.savedrequest.RequestCacheAwareFilter@915d7c4, org.springframework.security.web.servletapi.SecurityContextHolderAwareRequestFilter@2513155a, org.springframework.security.web.authentication.AnonymousAuthenticationFilter@1c92a549, org.springframework.security.web.session.SessionManagementFilter@7254838, org.springframework.security.web.access.ExceptionTranslationFilter@11574592, org.springframework.security.web.access.intercept.AuthorizationFilter@22aee519]
2023-06-13T22:27:47.726+07:00  WARN 9316 --- [main] ConfigServletWebServerApplicationContext : Exception encountered during context initialization - cancelling refresh attempt: org.springframework.context.ApplicationContextException: Failed to start bean 'webServerStartStop'
2023-06-13T22:27:47.730+07:00  INFO 9316 --- [main] j.LocalContainerEntityManagerFactoryBean : Closing JPA EntityManagerFactory for persistence unit 'default'
2023-06-13T22:27:47.732+07:00  INFO 9316 --- [main] com.zaxxer.hikari.HikariDataSource       : HikariPool-1 - Shutdown initiated...
2023-06-13T22:27:47.747+07:00  INFO 9316 --- [main] com.zaxxer.hikari.HikariDataSource       : HikariPool-1 - Shutdown completed.
2023-06-13T22:27:47.752+07:00  INFO 9316 --- [main] o.apache.catalina.core.StandardService   : Stopping service [Tomcat]
2023-06-13T22:27:47.771+07:00  INFO 9316 --- [main] .s.b.a.l.ConditionEvaluationReportLogger : 

Error starting ApplicationContext. To display the condition evaluation report re-run your application with 'debug' enabled.
2023-06-13T22:27:47.811+07:00 ERROR 9316 --- [main] o.s.b.d.LoggingFailureAnalysisReporter   : 

***************************
APPLICATION FAILED TO START
***************************

Description:

Web server failed to start. Port 8080 was already in use.

Action:

Identify and stop the process that's listening on port 8080 or configure this application to listen on another port.

